1702995617.501462 client started (43533): version 3.3a, socket /private/tmp/tmux-1062434132/default, protocol 8
1702995617.501632 on Darwin 23.2.0 Darwin Kernel Version 23.2.0: Wed Nov 15 21:53:18 PST 2023; root:xnu-10002.61.3~2/RELEASE_ARM64_T6000
1702995617.502935 using libevent 2.1.12-stable (select); utf8proc 2.9.0; ncurses 6.4
1702995617.502988 flags are 0x10010000
1702995617.503000 socket is /private/tmp/tmux-1062434132/default
1702995617.503016 trying connect
1702995617.503091 add peer 0x118008000: 6 (0x0)
1702995617.505119 sending message 100 to peer 0x118008000 (4 bytes)
1702995617.505129 sending message 111 to peer 0x118008000 (8 bytes)
1702995617.505137 sending message 101 to peer 0x118008000 (16 bytes)
1702995617.505144 sending message 109 to peer 0x118008000 (4 bytes)
1702995617.505151 sending message 102 to peer 0x118008000 (13 bytes)
1702995617.505157 sending message 108 to peer 0x118008000 (28 bytes)
1702995617.505164 sending message 112 to peer 0x118008000 (70 bytes)
1702995617.505170 sending message 112 to peer 0x118008000 (5 bytes)
1702995617.505176 sending message 112 to peer 0x118008000 (5 bytes)
1702995617.505181 sending message 112 to peer 0x118008000 (6 bytes)
1702995617.505187 sending message 112 to peer 0x118008000 (6 bytes)
1702995617.505192 sending message 112 to peer 0x118008000 (11 bytes)
1702995617.505198 sending message 112 to peer 0x118008000 (10 bytes)
1702995617.505204 sending message 112 to peer 0x118008000 (13 bytes)
1702995617.505209 sending message 112 to peer 0x118008000 (13 bytes)
1702995617.505215 sending message 112 to peer 0x118008000 (18 bytes)
1702995617.505220 sending message 112 to peer 0x118008000 (11 bytes)
1702995617.505226 sending message 112 to peer 0x118008000 (21 bytes)
1702995617.505231 sending message 112 to peer 0x118008000 (13 bytes)
1702995617.505237 sending message 112 to peer 0x118008000 (7 bytes)
1702995617.505242 sending message 112 to peer 0x118008000 (13 bytes)
1702995617.505248 sending message 112 to peer 0x118008000 (7 bytes)
1702995617.505253 sending message 112 to peer 0x118008000 (13 bytes)
1702995617.505259 sending message 112 to peer 0x118008000 (9 bytes)
1702995617.505264 sending message 112 to peer 0x118008000 (21 bytes)
1702995617.505270 sending message 112 to peer 0x118008000 (13 bytes)
1702995617.505275 sending message 112 to peer 0x118008000 (8 bytes)
1702995617.505281 sending message 112 to peer 0x118008000 (12 bytes)
1702995617.505286 sending message 112 to peer 0x118008000 (13 bytes)
1702995617.505292 sending message 112 to peer 0x118008000 (9 bytes)
1702995617.505297 sending message 112 to peer 0x118008000 (9 bytes)
1702995617.505303 sending message 112 to peer 0x118008000 (12 bytes)
1702995617.505308 sending message 112 to peer 0x118008000 (8 bytes)
1702995617.505314 sending message 112 to peer 0x118008000 (7 bytes)
1702995617.505319 sending message 112 to peer 0x118008000 (7 bytes)
1702995617.505325 sending message 112 to peer 0x118008000 (9 bytes)
1702995617.505330 sending message 112 to peer 0x118008000 (13 bytes)
1702995617.505336 sending message 112 to peer 0x118008000 (9 bytes)
1702995617.505341 sending message 112 to peer 0x118008000 (15 bytes)
1702995617.505347 sending message 112 to peer 0x118008000 (13 bytes)
1702995617.505352 sending message 112 to peer 0x118008000 (12 bytes)
1702995617.505358 sending message 112 to peer 0x118008000 (8 bytes)
1702995617.505363 sending message 112 to peer 0x118008000 (14 bytes)
1702995617.505369 sending message 112 to peer 0x118008000 (9 bytes)
1702995617.505374 sending message 112 to peer 0x118008000 (10 bytes)
1702995617.505380 sending message 112 to peer 0x118008000 (10 bytes)
1702995617.505385 sending message 112 to peer 0x118008000 (10 bytes)
1702995617.505391 sending message 112 to peer 0x118008000 (10 bytes)
1702995617.505396 sending message 112 to peer 0x118008000 (11 bytes)
1702995617.505401 sending message 112 to peer 0x118008000 (10 bytes)
1702995617.505407 sending message 112 to peer 0x118008000 (8 bytes)
1702995617.505412 sending message 112 to peer 0x118008000 (11 bytes)
1702995617.505418 sending message 112 to peer 0x118008000 (11 bytes)
1702995617.505441 sending message 112 to peer 0x118008000 (11 bytes)
1702995617.505445 sending message 112 to peer 0x118008000 (8 bytes)
1702995617.505449 sending message 112 to peer 0x118008000 (8 bytes)
1702995617.505453 sending message 112 to peer 0x118008000 (8 bytes)
1702995617.505456 sending message 112 to peer 0x118008000 (10 bytes)
1702995617.505460 sending message 112 to peer 0x118008000 (10 bytes)
1702995617.505464 sending message 112 to peer 0x118008000 (10 bytes)
1702995617.505468 sending message 112 to peer 0x118008000 (10 bytes)
1702995617.505471 sending message 112 to peer 0x118008000 (10 bytes)
1702995617.505475 sending message 112 to peer 0x118008000 (11 bytes)
1702995617.505479 sending message 112 to peer 0x118008000 (11 bytes)
1702995617.505482 sending message 112 to peer 0x118008000 (10 bytes)
1702995617.505486 sending message 112 to peer 0x118008000 (9 bytes)
1702995617.505490 sending message 112 to peer 0x118008000 (9 bytes)
1702995617.505494 sending message 112 to peer 0x118008000 (12 bytes)
1702995617.505497 sending message 112 to peer 0x118008000 (9 bytes)
1702995617.505501 sending message 112 to peer 0x118008000 (6 bytes)
1702995617.505505 sending message 112 to peer 0x118008000 (13 bytes)
1702995617.505508 sending message 112 to peer 0x118008000 (8 bytes)
1702995617.505512 sending message 112 to peer 0x118008000 (15 bytes)
1702995617.505516 sending message 112 to peer 0x118008000 (13 bytes)
1702995617.505520 sending message 112 to peer 0x118008000 (70 bytes)
1702995617.505524 sending message 112 to peer 0x118008000 (69 bytes)
1702995617.505527 sending message 112 to peer 0x118008000 (10 bytes)
1702995617.505531 sending message 112 to peer 0x118008000 (8 bytes)
1702995617.505535 sending message 112 to peer 0x118008000 (15 bytes)
1702995617.505538 sending message 112 to peer 0x118008000 (13 bytes)
1702995617.505542 sending message 112 to peer 0x118008000 (10 bytes)
1702995617.505546 sending message 112 to peer 0x118008000 (10 bytes)
1702995617.505549 sending message 112 to peer 0x118008000 (5 bytes)
1702995617.505553 sending message 112 to peer 0x118008000 (15 bytes)
1702995617.505560 sending message 104 to peer 0x118008000 (0 bytes)
1702995617.505565 sending message 110 to peer 0x118008000 (0 bytes)
1702995617.505569 sending message 107 to peer 0x118008000 (4 bytes)
1702995617.505572 sending message 105 to peer 0x118008000 (20 bytes)
1702995617.505576 sending message 105 to peer 0x118008000 (22 bytes)
1702995617.505580 sending message 105 to peer 0x118008000 (20 bytes)
1702995617.505584 sending message 105 to peer 0x118008000 (37 bytes)
1702995617.505587 sending message 105 to peer 0x118008000 (30 bytes)
1702995617.505591 sending message 105 to peer 0x118008000 (34 bytes)
1702995617.505595 sending message 105 to peer 0x118008000 (60 bytes)
1702995617.505599 sending message 105 to peer 0x118008000 (72 bytes)
1702995617.505602 sending message 105 to peer 0x118008000 (16 bytes)
1702995617.505606 sending message 105 to peer 0x118008000 (60 bytes)
1702995617.505610 sending message 105 to peer 0x118008000 (18 bytes)
1702995617.505614 sending message 105 to peer 0x118008000 (17 bytes)
1702995617.505617 sending message 105 to peer 0x118008000 (8 bytes)
1702995617.505621 sending message 105 to peer 0x118008000 (16 bytes)
1702995617.505625 sending message 105 to peer 0x118008000 (32 bytes)
1702995617.505629 sending message 105 to peer 0x118008000 (96 bytes)
1702995617.505632 sending message 105 to peer 0x118008000 (54 bytes)
1702995617.505636 sending message 105 to peer 0x118008000 (141 bytes)
1702995617.505640 sending message 105 to peer 0x118008000 (16 bytes)
1702995617.505644 sending message 105 to peer 0x118008000 (28 bytes)
1702995617.505648 sending message 105 to peer 0x118008000 (22 bytes)
1702995617.505652 sending message 105 to peer 0x118008000 (10 bytes)
1702995617.505655 sending message 105 to peer 0x118008000 (12 bytes)
1702995617.505659 sending message 105 to peer 0x118008000 (11 bytes)
1702995617.505663 sending message 105 to peer 0x118008000 (716 bytes)
1702995617.505675 sending message 105 to peer 0x118008000 (32 bytes)
1702995617.505679 sending message 105 to peer 0x118008000 (33 bytes)
1702995617.505683 sending message 105 to peer 0x118008000 (16 bytes)
1702995617.505687 sending message 105 to peer 0x118008000 (34 bytes)
1702995617.505690 sending message 105 to peer 0x118008000 (24 bytes)
1702995617.505694 sending message 105 to peer 0x118008000 (24 bytes)
1702995617.505698 sending message 105 to peer 0x118008000 (15 bytes)
1702995617.505701 sending message 105 to peer 0x118008000 (8 bytes)
1702995617.505705 sending message 105 to peer 0x118008000 (66 bytes)
1702995617.505709 sending message 105 to peer 0x118008000 (21 bytes)
1702995617.505713 sending message 105 to peer 0x118008000 (67 bytes)
1702995617.505716 sending message 105 to peer 0x118008000 (18 bytes)
1702995617.505720 sending message 105 to peer 0x118008000 (26 bytes)
1702995617.505724 sending message 105 to peer 0x118008000 (57 bytes)
1702995617.505728 sending message 105 to peer 0x118008000 (50 bytes)
1702995617.505731 sending message 105 to peer 0x118008000 (13 bytes)
1702995617.505735 sending message 105 to peer 0x118008000 (62 bytes)
1702995617.505739 sending message 105 to peer 0x118008000 (13 bytes)
1702995617.505742 sending message 105 to peer 0x118008000 (14 bytes)
1702995617.505746 sending message 105 to peer 0x118008000 (14 bytes)
1702995617.505750 sending message 105 to peer 0x118008000 (19 bytes)
1702995617.505754 sending message 105 to peer 0x118008000 (30 bytes)
1702995617.505757 sending message 105 to peer 0x118008000 (22 bytes)
1702995617.505761 sending message 105 to peer 0x118008000 (42 bytes)
1702995617.505765 sending message 105 to peer 0x118008000 (39 bytes)
1702995617.505769 sending message 105 to peer 0x118008000 (30 bytes)
1702995617.505772 sending message 105 to peer 0x118008000 (54 bytes)
1702995617.505776 sending message 105 to peer 0x118008000 (78 bytes)
1702995617.505780 sending message 105 to peer 0x118008000 (25 bytes)
1702995617.505784 sending message 106 to peer 0x118008000 (0 bytes)
1702995617.505864 sending message 200 to peer 0x118008000 (4 bytes)
1702995617.505869 client loop enter
1702995617.506005 peer 0x118008000 message 303
1702995617.506013 open write file 2 -
1702995617.506034 sending message 305 to peer 0x118008000 (8 bytes)
1702995617.506050 write check file 2
1702995617.506094 peer 0x118008000 message 304
1702995617.506100 write 58 to file 2
1702995617.506106 peer 0x118008000 message 203
1702995617.506110 file 2 58 bytes left
1702995617.506126 write check file 2
1702995617.506130 client loop exit
